# JRE version: Java(TM) SE Runtime Environment (8.0_73-b02) (build 1.8.0_73-b02)
# Java VM: Java HotSpot(TM) 64-Bit Server VM (25.73-b02 mixed mode bsd-amd64 compressed oops)
Heap:
 PSYoungGen      total 359424K, used 239472K [0x000000076ab00000, 0x0000000789180000, 0x00000007c0000000)
  eden space 341504K, 64% used [0x000000076ab00000,0x000000077835c958,0x000000077f880000)
  from space 17920K, 99% used [0x000000077f880000,0x00000007809ff9e0,0x0000000780a00000)
  to   space 20992K, 0% used [0x0000000787d00000,0x0000000787d00000,0x0000000789180000)
 ParOldGen       total 136704K, used 22543K [0x00000006c0000000, 0x00000006c8580000, 0x000000076ab00000)
  object space 136704K, 16% used [0x00000006c0000000,0x00000006c1603ef8,0x00000006c8580000)
 Metaspace       used 49730K, capacity 50328K, committed 50648K, reserved 1093632K
  class space    used 6240K, capacity 6386K, committed 6400K, reserved 1048576K
GC Heap History (10 events):
Event: 2.345 GC heap before
{Heap before GC invocations=7 (full 1):
 PSYoungGen      total 141824K, used 138770K [0x000000076ab00000, 0x0000000779500000, 0x00000007c0000000)
  eden space 131072K, 100% used [0x000000076ab00000,0x0000000772b00000,0x0000000772b00000)
  from space 10752K, 71% used [0x0000000772b00000,0x0000000773284998,0x0000000773580000)
  to   space 9728K, 0% used [0x0000000778b80000,0x0000000778b80000,0x0000000779500000)
 ParOldGen       total 91136K, used 6762K [0x00000006c0000000, 0x00000006c5900000, 0x000000076ab00000)
  object space 91136K, 7% used [0x00000006c0000000,0x00000006c069aa48,0x00000006c5900000)
 Metaspace       used 28846K, capacity 29246K, committed 29568K, reserved 1075200K
  class space    used 3754K, capacity 3844K, committed 3968K, reserved 1048576K
Event: 2.354 GC heap after
Heap after GC invocations=7 (full 1):
 PSYoungGen      total 225280K, used 9721K [0x000000076ab00000, 0x0000000779680000, 0x00000007c0000000)
  eden space 215552K, 0% used [0x000000076ab00000,0x000000076ab00000,0x0000000777d80000)
  from space 9728K, 99% used [0x0000000778b80000,0x00000007794fe578,0x0000000779500000)
  to   space 12800K, 0% used [0x0000000777d80000,0x0000000777d80000,0x0000000778a00000)
 ParOldGen       total 91136K, used 10969K [0x00000006c0000000, 0x00000006c5900000, 0x000000076ab00000)
  object space 91136K, 12% used [0x00000006c0000000,0x00000006c0ab6458,0x00000006c5900000)
 Metaspace       used 28846K, capacity 29246K, committed 29568K, reserved 1075200K
  class space    used 3754K, capacity 3844K, committed 3968K, reserved 1048576K
}
Event: 3.176 GC heap before
{Heap before GC invocations=8 (full 1):
 PSYoungGen      total 225280K, used 225273K [0x000000076ab00000, 0x0000000779680000, 0x00000007c0000000)
  eden space 215552K, 100% used [0x000000076ab00000,0x0000000777d80000,0x0000000777d80000)
  from space 9728K, 99% used [0x0000000778b80000,0x00000007794fe578,0x0000000779500000)
  to   space 12800K, 0% used [0x0000000777d80000,0x0000000777d80000,0x0000000778a00000)
 ParOldGen       total 91136K, used 10969K [0x00000006c0000000, 0x00000006c5900000, 0x000000076ab00000)
  object space 91136K, 12% used [0x00000006c0000000,0x00000006c0ab6458,0x00000006c5900000)
 Metaspace       used 33761K, capacity 34234K, committed 34560K, reserved 1079296K
  class space    used 4447K, capacity 4558K, committed 4608K, reserved 1048576K
Event: 3.190 GC heap after
Heap after GC invocations=8 (full 1):
 PSYoungGen      total 228352K, used 12790K [0x000000076ab00000, 0x0000000782100000, 0x00000007c0000000)
  eden space 215552K, 0% used [0x000000076ab00000,0x000000076ab00000,0x0000000777d80000)
  from space 12800K, 99% used [0x0000000777d80000,0x00000007789fd918,0x0000000778a00000)
  to   space 17920K, 0% used [0x0000000780f80000,0x0000000780f80000,0x0000000782100000)
 ParOldGen       total 91136K, used 17624K [0x00000006c0000000, 0x00000006c5900000, 0x000000076ab00000)
  object space 91136K, 19% used [0x00000006c0000000,0x00000006c11361d8,0x00000006c5900000)
 Metaspace       used 33761K, capacity 34234K, committed 34560K, reserved 1079296K
  class space    used 4447K, capacity 4558K, committed 4608K, reserved 1048576K
}
Event: 26.446 GC heap before
{Heap before GC invocations=9 (full 1):
 PSYoungGen      total 228352K, used 85977K [0x000000076ab00000, 0x0000000782100000, 0x00000007c0000000)
  eden space 215552K, 33% used [0x000000076ab00000,0x000000076f278de8,0x0000000777d80000)
  from space 12800K, 99% used [0x0000000777d80000,0x00000007789fd918,0x0000000778a00000)
  to   space 17920K, 0% used [0x0000000780f80000,0x0000000780f80000,0x0000000782100000)
 ParOldGen       total 91136K, used 17624K [0x00000006c0000000, 0x00000006c5900000, 0x000000076ab00000)
  object space 91136K, 19% used [0x00000006c0000000,0x00000006c11361d8,0x00000006c5900000)
 Metaspace       used 34824K, capacity 35264K, committed 35416K, reserved 1079296K
  class space    used 4591K, capacity 4700K, committed 4736K, reserved 1048576K
Event: 26.455 GC heap after
Heap after GC invocations=9 (full 1):
 PSYoungGen      total 344576K, used 12107K [0x000000076ab00000, 0x0000000781b80000, 0x00000007c0000000)
  eden space 332288K, 0% used [0x000000076ab00000,0x000000076ab00000,0x000000077ef80000)
  from space 12288K, 98% used [0x0000000780f80000,0x0000000781b52f28,0x0000000781b80000)
  to   space 17920K, 0% used [0x000000077f880000,0x000000077f880000,0x0000000780a00000)
 ParOldGen       total 91136K, used 17632K [0x00000006c0000000, 0x00000006c5900000, 0x000000076ab00000)
  object space 91136K, 19% used [0x00000006c0000000,0x00000006c11381d8,0x00000006c5900000)
 Metaspace       used 34824K, capacity 35264K, committed 35416K, reserved 1079296K
  class space    used 4591K, capacity 4700K, committed 4736K, reserved 1048576K
}
Event: 26.455 GC heap before
{Heap before GC invocations=10 (full 2):
 PSYoungGen      total 344576K, used 12107K [0x000000076ab00000, 0x0000000781b80000, 0x00000007c0000000)
  eden space 332288K, 0% used [0x000000076ab00000,0x000000076ab00000,0x000000077ef80000)
  from space 12288K, 98% used [0x0000000780f80000,0x0000000781b52f28,0x0000000781b80000)
  to   space 17920K, 0% used [0x000000077f880000,0x000000077f880000,0x0000000780a00000)
 ParOldGen       total 91136K, used 17632K [0x00000006c0000000, 0x00000006c5900000, 0x000000076ab00000)
  object space 91136K, 19% used [0x00000006c0000000,0x00000006c11381d8,0x00000006c5900000)
 Metaspace       used 34824K, capacity 35264K, committed 35416K, reserved 1079296K
  class space    used 4591K, capacity 4700K, committed 4736K, reserved 1048576K
Event: 26.499 GC heap after
Heap after GC invocations=10 (full 2):
 PSYoungGen      total 344576K, used 0K [0x000000076ab00000, 0x0000000781b80000, 0x00000007c0000000)
  eden space 332288K, 0% used [0x000000076ab00000,0x000000076ab00000,0x000000077ef80000)
  from space 12288K, 0% used [0x0000000780f80000,0x0000000780f80000,0x0000000781b80000)
  to   space 17920K, 0% used [0x000000077f880000,0x000000077f880000,0x0000000780a00000)
 ParOldGen       total 136704K, used 20388K [0x00000006c0000000, 0x00000006c8580000, 0x000000076ab00000)
  object space 136704K, 14% used [0x00000006c0000000,0x00000006c13e91b8,0x00000006c8580000)
 Metaspace       used 34824K, capacity 35264K, committed 35416K, reserved 1079296K
  class space    used 4591K, capacity 4700K, committed 4736K, reserved 1048576K
}
Event: 44.751 GC heap before
{Heap before GC invocations=11 (full 2):
 PSYoungGen      total 344576K, used 332288K [0x000000076ab00000, 0x0000000781b80000, 0x00000007c0000000)
  eden space 332288K, 100% used [0x000000076ab00000,0x000000077ef80000,0x000000077ef80000)
  from space 12288K, 0% used [0x0000000780f80000,0x0000000780f80000,0x0000000781b80000)
  to   space 17920K, 0% used [0x000000077f880000,0x000000077f880000,0x0000000780a00000)
 ParOldGen       total 136704K, used 20388K [0x00000006c0000000, 0x00000006c8580000, 0x000000076ab00000)
  object space 136704K, 14% used [0x00000006c0000000,0x00000006c13e91b8,0x00000006c8580000)
 Metaspace       used 48238K, capacity 48862K, committed 49240K, reserved 1091584K
  class space    used 6038K, capacity 6183K, committed 6272K, reserved 1048576K
Event: 44.764 GC heap after
Heap after GC invocations=11 (full 2):
 PSYoungGen      total 359424K, used 17918K [0x000000076ab00000, 0x0000000789180000, 0x00000007c0000000)
  eden space 341504K, 0% used [0x000000076ab00000,0x000000076ab00000,0x000000077f880000)
  from space 17920K, 99% used [0x000000077f880000,0x00000007809ff9e0,0x0000000780a00000)
  to   space 20992K, 0% used [0x0000000787d00000,0x0000000787d00000,0x0000000789180000)
 ParOldGen       total 136704K, used 22543K [0x00000006c0000000, 0x00000006c8580000, 0x000000076ab00000)
  object space 136704K, 16% used [0x00000006c0000000,0x00000006c1603ef8,0x00000006c8580000)
 Metaspace       used 48238K, capacity 48862K, committed 49240K, reserved 1091584K
  class space    used 6038K, capacity 6183K, committed 6272K, reserved 1048576K
}

