# JRE version: Java(TM) SE Runtime Environment (8.0_73-b02) (build 1.8.0_73-b02)
# Java VM: Java HotSpot(TM) 64-Bit Server VM (25.73-b02 mixed mode bsd-amd64 compressed oops)
Heap:
 PSYoungGen      total 359936K, used 241704K [0x000000076ab00000, 0x0000000789080000, 0x00000007c0000000)
  eden space 342016K, 65% used [0x000000076ab00000,0x000000077858d1e0,0x000000077f900000)
  from space 17920K, 99% used [0x000000077f900000,0x0000000780a7d088,0x0000000780a80000)
  to   space 20480K, 0% used [0x0000000787c80000,0x0000000787c80000,0x0000000789080000)
 ParOldGen       total 136192K, used 21773K [0x00000006c0000000, 0x00000006c8500000, 0x000000076ab00000)
  object space 136192K, 15% used [0x00000006c0000000,0x00000006c1543730,0x00000006c8500000)
 Metaspace       used 49762K, capacity 50392K, committed 50648K, reserved 1093632K
  class space    used 6240K, capacity 6386K, committed 6400K, reserved 1048576K
GC Heap History (10 events):
Event: 2.295 GC heap before
{Heap before GC invocations=7 (full 1):
 PSYoungGen      total 141824K, used 138790K [0x000000076ab00000, 0x0000000779600000, 0x00000007c0000000)
  eden space 131072K, 100% used [0x000000076ab00000,0x0000000772b00000,0x0000000772b00000)
  from space 10752K, 71% used [0x0000000772b00000,0x0000000773289b88,0x0000000773580000)
  to   space 9728K, 0% used [0x0000000778c80000,0x0000000778c80000,0x0000000779600000)
 ParOldGen       total 90624K, used 6749K [0x00000006c0000000, 0x00000006c5880000, 0x000000076ab00000)
  object space 90624K, 7% used [0x00000006c0000000,0x00000006c06975a0,0x00000006c5880000)
 Metaspace       used 28871K, capacity 29246K, committed 29568K, reserved 1075200K
  class space    used 3750K, capacity 3844K, committed 3968K, reserved 1048576K
Event: 2.304 GC heap after
Heap after GC invocations=7 (full 1):
 PSYoungGen      total 225792K, used 9699K [0x000000076ab00000, 0x0000000779700000, 0x00000007c0000000)
  eden space 216064K, 0% used [0x000000076ab00000,0x000000076ab00000,0x0000000777e00000)
  from space 9728K, 99% used [0x0000000778c80000,0x00000007795f8f78,0x0000000779600000)
  to   space 12800K, 0% used [0x0000000777e00000,0x0000000777e00000,0x0000000778a80000)
 ParOldGen       total 90624K, used 10972K [0x00000006c0000000, 0x00000006c5880000, 0x000000076ab00000)
  object space 90624K, 12% used [0x00000006c0000000,0x00000006c0ab7128,0x00000006c5880000)
 Metaspace       used 28871K, capacity 29246K, committed 29568K, reserved 1075200K
  class space    used 3750K, capacity 3844K, committed 3968K, reserved 1048576K
}
Event: 3.129 GC heap before
{Heap before GC invocations=8 (full 1):
 PSYoungGen      total 225792K, used 225763K [0x000000076ab00000, 0x0000000779700000, 0x00000007c0000000)
  eden space 216064K, 100% used [0x000000076ab00000,0x0000000777e00000,0x0000000777e00000)
  from space 9728K, 99% used [0x0000000778c80000,0x00000007795f8f78,0x0000000779600000)
  to   space 12800K, 0% used [0x0000000777e00000,0x0000000777e00000,0x0000000778a80000)
 ParOldGen       total 90624K, used 10972K [0x00000006c0000000, 0x00000006c5880000, 0x000000076ab00000)
  object space 90624K, 12% used [0x00000006c0000000,0x00000006c0ab7128,0x00000006c5880000)
 Metaspace       used 33806K, capacity 34266K, committed 34560K, reserved 1079296K
  class space    used 4452K, capacity 4590K, committed 4608K, reserved 1048576K
Event: 3.142 GC heap after
Heap after GC invocations=8 (full 1):
 PSYoungGen      total 228864K, used 12777K [0x000000076ab00000, 0x0000000782180000, 0x00000007c0000000)
  eden space 216064K, 0% used [0x000000076ab00000,0x000000076ab00000,0x0000000777e00000)
  from space 12800K, 99% used [0x0000000777e00000,0x0000000778a7a528,0x0000000778a80000)
  to   space 17920K, 0% used [0x0000000781000000,0x0000000781000000,0x0000000782180000)
 ParOldGen       total 90624K, used 17695K [0x00000006c0000000, 0x00000006c5880000, 0x000000076ab00000)
  object space 90624K, 19% used [0x00000006c0000000,0x00000006c1147cd0,0x00000006c5880000)
 Metaspace       used 33806K, capacity 34266K, committed 34560K, reserved 1079296K
  class space    used 4452K, capacity 4590K, committed 4608K, reserved 1048576K
}
Event: 23.928 GC heap before
{Heap before GC invocations=9 (full 1):
 PSYoungGen      total 228864K, used 83224K [0x000000076ab00000, 0x0000000782180000, 0x00000007c0000000)
  eden space 216064K, 32% used [0x000000076ab00000,0x000000076efcbb20,0x0000000777e00000)
  from space 12800K, 99% used [0x0000000777e00000,0x0000000778a7a528,0x0000000778a80000)
  to   space 17920K, 0% used [0x0000000781000000,0x0000000781000000,0x0000000782180000)
 ParOldGen       total 90624K, used 17695K [0x00000006c0000000, 0x00000006c5880000, 0x000000076ab00000)
  object space 90624K, 19% used [0x00000006c0000000,0x00000006c1147cd0,0x00000006c5880000)
 Metaspace       used 34843K, capacity 35264K, committed 35416K, reserved 1079296K
  class space    used 4588K, capacity 4700K, committed 4736K, reserved 1048576K
Event: 23.937 GC heap after
Heap after GC invocations=9 (full 1):
 PSYoungGen      total 345088K, used 11926K [0x000000076ab00000, 0x0000000781c00000, 0x00000007c0000000)
  eden space 332800K, 0% used [0x000000076ab00000,0x000000076ab00000,0x000000077f000000)
  from space 12288K, 97% used [0x0000000781000000,0x0000000781ba5b38,0x0000000781c00000)
  to   space 17920K, 0% used [0x000000077f900000,0x000000077f900000,0x0000000780a80000)
 ParOldGen       total 90624K, used 17703K [0x00000006c0000000, 0x00000006c5880000, 0x000000076ab00000)
  object space 90624K, 19% used [0x00000006c0000000,0x00000006c1149cd0,0x00000006c5880000)
 Metaspace       used 34843K, capacity 35264K, committed 35416K, reserved 1079296K
  class space    used 4588K, capacity 4700K, committed 4736K, reserved 1048576K
}
Event: 23.937 GC heap before
{Heap before GC invocations=10 (full 2):
 PSYoungGen      total 345088K, used 11926K [0x000000076ab00000, 0x0000000781c00000, 0x00000007c0000000)
  eden space 332800K, 0% used [0x000000076ab00000,0x000000076ab00000,0x000000077f000000)
  from space 12288K, 97% used [0x0000000781000000,0x0000000781ba5b38,0x0000000781c00000)
  to   space 17920K, 0% used [0x000000077f900000,0x000000077f900000,0x0000000780a80000)
 ParOldGen       total 90624K, used 17703K [0x00000006c0000000, 0x00000006c5880000, 0x000000076ab00000)
  object space 90624K, 19% used [0x00000006c0000000,0x00000006c1149cd0,0x00000006c5880000)
 Metaspace       used 34843K, capacity 35264K, committed 35416K, reserved 1079296K
  class space    used 4588K, capacity 4700K, committed 4736K, reserved 1048576K
Event: 23.984 GC heap after
Heap after GC invocations=10 (full 2):
 PSYoungGen      total 345088K, used 0K [0x000000076ab00000, 0x0000000781c00000, 0x00000007c0000000)
  eden space 332800K, 0% used [0x000000076ab00000,0x000000076ab00000,0x000000077f000000)
  from space 12288K, 0% used [0x0000000781000000,0x0000000781000000,0x0000000781c00000)
  to   space 17920K, 0% used [0x000000077f900000,0x000000077f900000,0x0000000780a80000)
 ParOldGen       total 136192K, used 20359K [0x00000006c0000000, 0x00000006c8500000, 0x000000076ab00000)
  object space 136192K, 14% used [0x00000006c0000000,0x00000006c13e1eb0,0x00000006c8500000)
 Metaspace       used 34843K, capacity 35264K, committed 35416K, reserved 1079296K
  class space    used 4588K, capacity 4700K, committed 4736K, reserved 1048576K
}
Event: 62.865 GC heap before
{Heap before GC invocations=11 (full 2):
 PSYoungGen      total 345088K, used 332800K [0x000000076ab00000, 0x0000000781c00000, 0x00000007c0000000)
  eden space 332800K, 100% used [0x000000076ab00000,0x000000077f000000,0x000000077f000000)
  from space 12288K, 0% used [0x0000000781000000,0x0000000781000000,0x0000000781c00000)
  to   space 17920K, 0% used [0x000000077f900000,0x000000077f900000,0x0000000780a80000)
 ParOldGen       total 136192K, used 20359K [0x00000006c0000000, 0x00000006c8500000, 0x000000076ab00000)
  object space 136192K, 14% used [0x00000006c0000000,0x00000006c13e1eb0,0x00000006c8500000)
 Metaspace       used 48267K, capacity 48862K, committed 49240K, reserved 1091584K
  class space    used 6038K, capacity 6183K, committed 6272K, reserved 1048576K
Event: 62.877 GC heap after
Heap after GC invocations=11 (full 2):
 PSYoungGen      total 359936K, used 17908K [0x000000076ab00000, 0x0000000789080000, 0x00000007c0000000)
  eden space 342016K, 0% used [0x000000076ab00000,0x000000076ab00000,0x000000077f900000)
  from space 17920K, 99% used [0x000000077f900000,0x0000000780a7d088,0x0000000780a80000)
  to   space 20480K, 0% used [0x0000000787c80000,0x0000000787c80000,0x0000000789080000)
 ParOldGen       total 136192K, used 21773K [0x00000006c0000000, 0x00000006c8500000, 0x000000076ab00000)
  object space 136192K, 15% used [0x00000006c0000000,0x00000006c1543730,0x00000006c8500000)
 Metaspace       used 48267K, capacity 48862K, committed 49240K, reserved 1091584K
  class space    used 6038K, capacity 6183K, committed 6272K, reserved 1048576K
}

