# JRE version: Java(TM) SE Runtime Environment (8.0_73-b02) (build 1.8.0_73-b02)
# Java VM: Java HotSpot(TM) 64-Bit Server VM (25.73-b02 mixed mode bsd-amd64 compressed oops)
Heap:
 PSYoungGen      total 434176K, used 337081K [0x000000076ab00000, 0x0000000788500000, 0x00000007c0000000)
  eden space 422400K, 77% used [0x000000076ab00000,0x000000077e8bd840,0x0000000784780000)
  from space 11776K, 99% used [0x0000000787980000,0x00000007884f0c38,0x0000000788500000)
  to   space 17920K, 0% used [0x0000000786200000,0x0000000786200000,0x0000000787380000)
 ParOldGen       total 126976K, used 29095K [0x00000006c0000000, 0x00000006c7c00000, 0x000000076ab00000)
  object space 126976K, 22% used [0x00000006c0000000,0x00000006c1c69e10,0x00000006c7c00000)
 Metaspace       used 38272K, capacity 38710K, committed 39168K, reserved 1083392K
  class space    used 4665K, capacity 4796K, committed 4864K, reserved 1048576K
GC Heap History (10 events):
Event: 2.054 GC heap before
{Heap before GC invocations=6 (full 1):
 PSYoungGen      total 141824K, used 131072K [0x000000076ab00000, 0x0000000774000000, 0x00000007c0000000)
  eden space 131072K, 100% used [0x000000076ab00000,0x0000000772b00000,0x0000000772b00000)
  from space 10752K, 0% used [0x0000000773580000,0x0000000773580000,0x0000000774000000)
  to   space 10752K, 0% used [0x0000000772b00000,0x0000000772b00000,0x0000000773580000)
 ParOldGen       total 78336K, used 7071K [0x00000006c0000000, 0x00000006c4c80000, 0x000000076ab00000)
  object space 78336K, 9% used [0x00000006c0000000,0x00000006c06e7c40,0x00000006c4c80000)
 Metaspace       used 26354K, capacity 26714K, committed 27008K, reserved 1073152K
  class space    used 3284K, capacity 3392K, committed 3456K, reserved 1048576K
Event: 2.061 GC heap after
Heap after GC invocations=6 (full 1):
 PSYoungGen      total 141824K, used 7349K [0x000000076ab00000, 0x000000077b100000, 0x00000007c0000000)
  eden space 131072K, 0% used [0x000000076ab00000,0x000000076ab00000,0x0000000772b00000)
  from space 10752K, 68% used [0x0000000772b00000,0x000000077322d738,0x0000000773580000)
  to   space 9728K, 0% used [0x000000077a780000,0x000000077a780000,0x000000077b100000)
 ParOldGen       total 78336K, used 7079K [0x00000006c0000000, 0x00000006c4c80000, 0x000000076ab00000)
  object space 78336K, 9% used [0x00000006c0000000,0x00000006c06e9c40,0x00000006c4c80000)
 Metaspace       used 26354K, capacity 26714K, committed 27008K, reserved 1073152K
  class space    used 3284K, capacity 3392K, committed 3456K, reserved 1048576K
}
Event: 2.687 GC heap before
{Heap before GC invocations=7 (full 1):
 PSYoungGen      total 141824K, used 138421K [0x000000076ab00000, 0x000000077b100000, 0x00000007c0000000)
  eden space 131072K, 100% used [0x000000076ab00000,0x0000000772b00000,0x0000000772b00000)
  from space 10752K, 68% used [0x0000000772b00000,0x000000077322d738,0x0000000773580000)
  to   space 9728K, 0% used [0x000000077a780000,0x000000077a780000,0x000000077b100000)
 ParOldGen       total 78336K, used 7079K [0x00000006c0000000, 0x00000006c4c80000, 0x000000076ab00000)
  object space 78336K, 9% used [0x00000006c0000000,0x00000006c06e9c40,0x00000006c4c80000)
 Metaspace       used 29312K, capacity 29680K, committed 29952K, reserved 1075200K
  class space    used 3659K, capacity 3753K, committed 3840K, reserved 1048576K
Event: 2.696 GC heap after
Heap after GC invocations=7 (full 1):
 PSYoungGen      total 253440K, used 7444K [0x000000076ab00000, 0x000000077af00000, 0x00000007c0000000)
  eden space 245760K, 0% used [0x000000076ab00000,0x000000076ab00000,0x0000000779b00000)
  from space 7680K, 96% used [0x000000077a780000,0x000000077aec5108,0x000000077af00000)
  to   space 9216K, 0% used [0x0000000779d00000,0x0000000779d00000,0x000000077a600000)
 ParOldGen       total 78336K, used 7087K [0x00000006c0000000, 0x00000006c4c80000, 0x000000076ab00000)
  object space 78336K, 9% used [0x00000006c0000000,0x00000006c06ebc40,0x00000006c4c80000)
 Metaspace       used 29312K, capacity 29680K, committed 29952K, reserved 1075200K
  class space    used 3659K, capacity 3753K, committed 3840K, reserved 1048576K
}
Event: 3.279 GC heap before
{Heap before GC invocations=8 (full 1):
 PSYoungGen      total 253440K, used 84038K [0x000000076ab00000, 0x000000077af00000, 0x00000007c0000000)
  eden space 245760K, 31% used [0x000000076ab00000,0x000000076f5cc978,0x0000000779b00000)
  from space 7680K, 96% used [0x000000077a780000,0x000000077aec5108,0x000000077af00000)
  to   space 9216K, 0% used [0x0000000779d00000,0x0000000779d00000,0x000000077a600000)
 ParOldGen       total 78336K, used 7087K [0x00000006c0000000, 0x00000006c4c80000, 0x000000076ab00000)
  object space 78336K, 9% used [0x00000006c0000000,0x00000006c06ebc40,0x00000006c4c80000)
 Metaspace       used 34766K, capacity 35146K, committed 35456K, reserved 1081344K
  class space    used 4272K, capacity 4382K, committed 4480K, reserved 1048576K
Event: 3.303 GC heap after
Heap after GC invocations=8 (full 1):
 PSYoungGen      total 257024K, used 9197K [0x000000076ab00000, 0x0000000788b80000, 0x00000007c0000000)
  eden space 247808K, 0% used [0x000000076ab00000,0x000000076ab00000,0x0000000779d00000)
  from space 9216K, 99% used [0x0000000779d00000,0x000000077a5fb5d8,0x000000077a600000)
  to   space 18432K, 0% used [0x0000000787980000,0x0000000787980000,0x0000000788b80000)
 ParOldGen       total 78336K, used 23676K [0x00000006c0000000, 0x00000006c4c80000, 0x000000076ab00000)
  object space 78336K, 30% used [0x00000006c0000000,0x00000006c171f3c8,0x00000006c4c80000)
 Metaspace       used 34766K, capacity 35146K, committed 35456K, reserved 1081344K
  class space    used 4272K, capacity 4382K, committed 4480K, reserved 1048576K
}
Event: 3.303 GC heap before
{Heap before GC invocations=9 (full 2):
 PSYoungGen      total 257024K, used 9197K [0x000000076ab00000, 0x0000000788b80000, 0x00000007c0000000)
  eden space 247808K, 0% used [0x000000076ab00000,0x000000076ab00000,0x0000000779d00000)
  from space 9216K, 99% used [0x0000000779d00000,0x000000077a5fb5d8,0x000000077a600000)
  to   space 18432K, 0% used [0x0000000787980000,0x0000000787980000,0x0000000788b80000)
 ParOldGen       total 78336K, used 23676K [0x00000006c0000000, 0x00000006c4c80000, 0x000000076ab00000)
  object space 78336K, 30% used [0x00000006c0000000,0x00000006c171f3c8,0x00000006c4c80000)
 Metaspace       used 34766K, capacity 35146K, committed 35456K, reserved 1081344K
  class space    used 4272K, capacity 4382K, committed 4480K, reserved 1048576K
Event: 3.389 GC heap after
Heap after GC invocations=9 (full 2):
 PSYoungGen      total 257024K, used 0K [0x000000076ab00000, 0x0000000788b80000, 0x00000007c0000000)
  eden space 247808K, 0% used [0x000000076ab00000,0x000000076ab00000,0x0000000779d00000)
  from space 9216K, 0% used [0x0000000779d00000,0x0000000779d00000,0x000000077a600000)
  to   space 18432K, 0% used [0x0000000787980000,0x0000000787980000,0x0000000788b80000)
 ParOldGen       total 126976K, used 29087K [0x00000006c0000000, 0x00000006c7c00000, 0x000000076ab00000)
  object space 126976K, 22% used [0x00000006c0000000,0x00000006c1c67e10,0x00000006c7c00000)
 Metaspace       used 34766K, capacity 35146K, committed 35456K, reserved 1081344K
  class space    used 4272K, capacity 4382K, committed 4480K, reserved 1048576K
}
Event: 4.000 GC heap before
{Heap before GC invocations=10 (full 2):
 PSYoungGen      total 257024K, used 247808K [0x000000076ab00000, 0x0000000788b80000, 0x00000007c0000000)
  eden space 247808K, 100% used [0x000000076ab00000,0x0000000779d00000,0x0000000779d00000)
  from space 9216K, 0% used [0x0000000779d00000,0x0000000779d00000,0x000000077a600000)
  to   space 18432K, 0% used [0x0000000787980000,0x0000000787980000,0x0000000788b80000)
 ParOldGen       total 126976K, used 29087K [0x00000006c0000000, 0x00000006c7c00000, 0x000000076ab00000)
  object space 126976K, 22% used [0x00000006c0000000,0x00000006c1c67e10,0x00000006c7c00000)
 Metaspace       used 36942K, capacity 37398K, committed 37760K, reserved 1083392K
  class space    used 4523K, capacity 4624K, committed 4736K, reserved 1048576K
Event: 4.007 GC heap after
Heap after GC invocations=10 (full 2):
 PSYoungGen      total 434176K, used 11715K [0x000000076ab00000, 0x0000000788500000, 0x00000007c0000000)
  eden space 422400K, 0% used [0x000000076ab00000,0x000000076ab00000,0x0000000784780000)
  from space 11776K, 99% used [0x0000000787980000,0x00000007884f0c38,0x0000000788500000)
  to   space 17920K, 0% used [0x0000000786200000,0x0000000786200000,0x0000000787380000)
 ParOldGen       total 126976K, used 29095K [0x00000006c0000000, 0x00000006c7c00000, 0x000000076ab00000)
  object space 126976K, 22% used [0x00000006c0000000,0x00000006c1c69e10,0x00000006c7c00000)
 Metaspace       used 36942K, capacity 37398K, committed 37760K, reserved 1083392K
  class space    used 4523K, capacity 4624K, committed 4736K, reserved 1048576K
}

