# JRE version: Java(TM) SE Runtime Environment (8.0_73-b02) (build 1.8.0_73-b02)
# Java VM: Java HotSpot(TM) 64-Bit Server VM (25.73-b02 mixed mode bsd-amd64 compressed oops)
Heap:
 PSYoungGen      total 340992K, used 248184K [0x000000076ab00000, 0x0000000786f80000, 0x00000007c0000000)
  eden space 323072K, 71% used [0x000000076ab00000,0x0000000778be0c70,0x000000077e680000)
  from space 17920K, 99% used [0x000000077e680000,0x000000077f7fd788,0x000000077f800000)
  to   space 25600K, 0% used [0x0000000785680000,0x0000000785680000,0x0000000786f80000)
 ParOldGen       total 151552K, used 33790K [0x00000006c0000000, 0x00000006c9400000, 0x000000076ab00000)
  object space 151552K, 22% used [0x00000006c0000000,0x00000006c20ffb20,0x00000006c9400000)
 Metaspace       used 49667K, capacity 50264K, committed 50648K, reserved 1093632K
  class space    used 6230K, capacity 6386K, committed 6400K, reserved 1048576K
GC Heap History (10 events):
Event: 2.426 GC heap before
{Heap before GC invocations=7 (full 1):
 PSYoungGen      total 141824K, used 138788K [0x000000076ab00000, 0x0000000778e00000, 0x00000007c0000000)
  eden space 131072K, 100% used [0x000000076ab00000,0x0000000772b00000,0x0000000772b00000)
  from space 10752K, 71% used [0x0000000772b00000,0x0000000773289378,0x0000000773580000)
  to   space 9728K, 0% used [0x0000000778480000,0x0000000778480000,0x0000000778e00000)
 ParOldGen       total 94720K, used 6885K [0x00000006c0000000, 0x00000006c5c80000, 0x000000076ab00000)
  object space 94720K, 7% used [0x00000006c0000000,0x00000006c06b95d8,0x00000006c5c80000)
 Metaspace       used 28767K, capacity 29182K, committed 29568K, reserved 1075200K
  class space    used 3734K, capacity 3844K, committed 3968K, reserved 1048576K
Event: 2.436 GC heap after
Heap after GC invocations=7 (full 1):
 PSYoungGen      total 219136K, used 9726K [0x000000076ab00000, 0x0000000779080000, 0x00000007c0000000)
  eden space 209408K, 0% used [0x000000076ab00000,0x000000076ab00000,0x0000000777780000)
  from space 9728K, 99% used [0x0000000778480000,0x0000000778dff988,0x0000000778e00000)
  to   space 12800K, 0% used [0x0000000777780000,0x0000000777780000,0x0000000778400000)
 ParOldGen       total 94720K, used 10997K [0x00000006c0000000, 0x00000006c5c80000, 0x000000076ab00000)
  object space 94720K, 11% used [0x00000006c0000000,0x00000006c0abd620,0x00000006c5c80000)
 Metaspace       used 28767K, capacity 29182K, committed 29568K, reserved 1075200K
  class space    used 3734K, capacity 3844K, committed 3968K, reserved 1048576K
}
Event: 3.237 GC heap before
{Heap before GC invocations=8 (full 1):
 PSYoungGen      total 219136K, used 219134K [0x000000076ab00000, 0x0000000779080000, 0x00000007c0000000)
  eden space 209408K, 100% used [0x000000076ab00000,0x0000000777780000,0x0000000777780000)
  from space 9728K, 99% used [0x0000000778480000,0x0000000778dff988,0x0000000778e00000)
  to   space 12800K, 0% used [0x0000000777780000,0x0000000777780000,0x0000000778400000)
 ParOldGen       total 94720K, used 10997K [0x00000006c0000000, 0x00000006c5c80000, 0x000000076ab00000)
  object space 94720K, 11% used [0x00000006c0000000,0x00000006c0abd620,0x00000006c5c80000)
 Metaspace       used 33640K, capacity 34074K, committed 34304K, reserved 1079296K
  class space    used 4424K, capacity 4526K, committed 4608K, reserved 1048576K
Event: 3.251 GC heap after
Heap after GC invocations=8 (full 1):
 PSYoungGen      total 222208K, used 12785K [0x000000076ab00000, 0x0000000780e00000, 0x00000007c0000000)
  eden space 209408K, 0% used [0x000000076ab00000,0x000000076ab00000,0x0000000777780000)
  from space 12800K, 99% used [0x0000000777780000,0x00000007783fc700,0x0000000778400000)
  to   space 17408K, 0% used [0x000000077fd00000,0x000000077fd00000,0x0000000780e00000)
 ParOldGen       total 94720K, used 17441K [0x00000006c0000000, 0x00000006c5c80000, 0x000000076ab00000)
  object space 94720K, 18% used [0x00000006c0000000,0x00000006c1108690,0x00000006c5c80000)
 Metaspace       used 33640K, capacity 34074K, committed 34304K, reserved 1079296K
  class space    used 4424K, capacity 4526K, committed 4608K, reserved 1048576K
}
Event: 5.635 GC heap before
{Heap before GC invocations=9 (full 1):
 PSYoungGen      total 222208K, used 91617K [0x000000076ab00000, 0x0000000780e00000, 0x00000007c0000000)
  eden space 209408K, 37% used [0x000000076ab00000,0x000000076f7fbeb8,0x0000000777780000)
  from space 12800K, 99% used [0x0000000777780000,0x00000007783fc700,0x0000000778400000)
  to   space 17408K, 0% used [0x000000077fd00000,0x000000077fd00000,0x0000000780e00000)
 ParOldGen       total 94720K, used 17441K [0x00000006c0000000, 0x00000006c5c80000, 0x000000076ab00000)
  object space 94720K, 18% used [0x00000006c0000000,0x00000006c1108690,0x00000006c5c80000)
 Metaspace       used 34815K, capacity 35264K, committed 35416K, reserved 1079296K
  class space    used 4584K, capacity 4700K, committed 4736K, reserved 1048576K
Event: 5.644 GC heap after
Heap after GC invocations=9 (full 1):
 PSYoungGen      total 329216K, used 12505K [0x000000076ab00000, 0x0000000780980000, 0x00000007c0000000)
  eden space 316416K, 0% used [0x000000076ab00000,0x000000076ab00000,0x000000077e000000)
  from space 12800K, 97% used [0x000000077fd00000,0x00000007809365e0,0x0000000780980000)
  to   space 17920K, 0% used [0x000000077e680000,0x000000077e680000,0x000000077f800000)
 ParOldGen       total 94720K, used 17449K [0x00000006c0000000, 0x00000006c5c80000, 0x000000076ab00000)
  object space 94720K, 18% used [0x00000006c0000000,0x00000006c110a690,0x00000006c5c80000)
 Metaspace       used 34815K, capacity 35264K, committed 35416K, reserved 1079296K
  class space    used 4584K, capacity 4700K, committed 4736K, reserved 1048576K
}
Event: 5.644 GC heap before
{Heap before GC invocations=10 (full 2):
 PSYoungGen      total 329216K, used 12505K [0x000000076ab00000, 0x0000000780980000, 0x00000007c0000000)
  eden space 316416K, 0% used [0x000000076ab00000,0x000000076ab00000,0x000000077e000000)
  from space 12800K, 97% used [0x000000077fd00000,0x00000007809365e0,0x0000000780980000)
  to   space 17920K, 0% used [0x000000077e680000,0x000000077e680000,0x000000077f800000)
 ParOldGen       total 94720K, used 17449K [0x00000006c0000000, 0x00000006c5c80000, 0x000000076ab00000)
  object space 94720K, 18% used [0x00000006c0000000,0x00000006c110a690,0x00000006c5c80000)
 Metaspace       used 34815K, capacity 35264K, committed 35416K, reserved 1079296K
  class space    used 4584K, capacity 4700K, committed 4736K, reserved 1048576K
Event: 5.693 GC heap after
Heap after GC invocations=10 (full 2):
 PSYoungGen      total 329216K, used 0K [0x000000076ab00000, 0x0000000780980000, 0x00000007c0000000)
  eden space 316416K, 0% used [0x000000076ab00000,0x000000076ab00000,0x000000077e000000)
  from space 12800K, 0% used [0x000000077fd00000,0x000000077fd00000,0x0000000780980000)
  to   space 17920K, 0% used [0x000000077e680000,0x000000077e680000,0x000000077f800000)
 ParOldGen       total 151552K, used 20285K [0x00000006c0000000, 0x00000006c9400000, 0x000000076ab00000)
  object space 151552K, 13% used [0x00000006c0000000,0x00000006c13cf500,0x00000006c9400000)
 Metaspace       used 34815K, capacity 35264K, committed 35416K, reserved 1079296K
  class space    used 4584K, capacity 4700K, committed 4736K, reserved 1048576K
}
Event: 15.575 GC heap before
{Heap before GC invocations=11 (full 2):
 PSYoungGen      total 329216K, used 316416K [0x000000076ab00000, 0x0000000780980000, 0x00000007c0000000)
  eden space 316416K, 100% used [0x000000076ab00000,0x000000077e000000,0x000000077e000000)
  from space 12800K, 0% used [0x000000077fd00000,0x000000077fd00000,0x0000000780980000)
  to   space 17920K, 0% used [0x000000077e680000,0x000000077e680000,0x000000077f800000)
 ParOldGen       total 151552K, used 20285K [0x00000006c0000000, 0x00000006c9400000, 0x000000076ab00000)
  object space 151552K, 13% used [0x00000006c0000000,0x00000006c13cf500,0x00000006c9400000)
 Metaspace       used 48173K, capacity 48734K, committed 49240K, reserved 1091584K
  class space    used 6028K, capacity 6183K, committed 6272K, reserved 1048576K
Event: 15.596 GC heap after
Heap after GC invocations=11 (full 2):
 PSYoungGen      total 340992K, used 17909K [0x000000076ab00000, 0x0000000786f80000, 0x00000007c0000000)
  eden space 323072K, 0% used [0x000000076ab00000,0x000000076ab00000,0x000000077e680000)
  from space 17920K, 99% used [0x000000077e680000,0x000000077f7fd788,0x000000077f800000)
  to   space 25600K, 0% used [0x0000000785680000,0x0000000785680000,0x0000000786f80000)
 ParOldGen       total 151552K, used 33790K [0x00000006c0000000, 0x00000006c9400000, 0x000000076ab00000)
  object space 151552K, 22% used [0x00000006c0000000,0x00000006c20ffb20,0x00000006c9400000)
 Metaspace       used 48173K, capacity 48734K, committed 49240K, reserved 1091584K
  class space    used 6028K, capacity 6183K, committed 6272K, reserved 1048576K
}

