# JRE version: Java(TM) SE Runtime Environment (8.0_73-b02) (build 1.8.0_73-b02)
# Java VM: Java HotSpot(TM) 64-Bit Server VM (25.73-b02 mixed mode bsd-amd64 compressed oops)
Heap:
 PSYoungGen      total 290304K, used 289654K [0x000000076ab00000, 0x0000000785100000, 0x00000007c0000000)
  eden space 272384K, 99% used [0x000000076ab00000,0x000000077b460610,0x000000077b500000)
  from space 17920K, 99% used [0x000000077b500000,0x000000077c67d508,0x000000077c680000)
  to   space 27648K, 0% used [0x0000000783600000,0x0000000783600000,0x0000000785100000)
 ParOldGen       total 181760K, used 35540K [0x00000006c0000000, 0x00000006cb180000, 0x000000076ab00000)
  object space 181760K, 19% used [0x00000006c0000000,0x00000006c22b5020,0x00000006cb180000)
 Metaspace       used 49762K, capacity 50398K, committed 50648K, reserved 1093632K
  class space    used 6242K, capacity 6387K, committed 6400K, reserved 1048576K
GC Heap History (10 events):
Event: 1.808 GC heap before
{Heap before GC invocations=5 (full 1):
 PSYoungGen      total 141824K, used 131072K [0x000000076ab00000, 0x000000077c000000, 0x00000007c0000000)
  eden space 131072K, 100% used [0x000000076ab00000,0x0000000772b00000,0x0000000772b00000)
  from space 10752K, 0% used [0x0000000772b00000,0x0000000772b00000,0x0000000773580000)
  to   space 10752K, 0% used [0x000000077b580000,0x000000077b580000,0x000000077c000000)
 ParOldGen       total 109056K, used 8814K [0x00000006c0000000, 0x00000006c6a80000, 0x000000076ab00000)
  object space 109056K, 8% used [0x00000006c0000000,0x00000006c089bb78,0x00000006c6a80000)
 Metaspace       used 24912K, capacity 25294K, committed 25600K, reserved 1071104K
  class space    used 3237K, capacity 3324K, committed 3328K, reserved 1048576K
Event: 1.814 GC heap after
Heap after GC invocations=5 (full 1):
 PSYoungGen      total 198656K, used 7768K [0x000000076ab00000, 0x000000077bd80000, 0x00000007c0000000)
  eden space 190464K, 0% used [0x000000076ab00000,0x000000076ab00000,0x0000000776500000)
  from space 8192K, 94% used [0x000000077b580000,0x000000077bd16290,0x000000077bd80000)
  to   space 10752K, 0% used [0x000000077a880000,0x000000077a880000,0x000000077b300000)
 ParOldGen       total 109056K, used 8822K [0x00000006c0000000, 0x00000006c6a80000, 0x000000076ab00000)
  object space 109056K, 8% used [0x00000006c0000000,0x00000006c089db78,0x00000006c6a80000)
 Metaspace       used 24912K, capacity 25294K, committed 25600K, reserved 1071104K
  class space    used 3237K, capacity 3324K, committed 3328K, reserved 1048576K
}
Event: 2.607 GC heap before
{Heap before GC invocations=6 (full 1):
 PSYoungGen      total 198656K, used 198232K [0x000000076ab00000, 0x000000077bd80000, 0x00000007c0000000)
  eden space 190464K, 100% used [0x000000076ab00000,0x0000000776500000,0x0000000776500000)
  from space 8192K, 94% used [0x000000077b580000,0x000000077bd16290,0x000000077bd80000)
  to   space 10752K, 0% used [0x000000077a880000,0x000000077a880000,0x000000077b300000)
 ParOldGen       total 109056K, used 8822K [0x00000006c0000000, 0x00000006c6a80000, 0x000000076ab00000)
  object space 109056K, 8% used [0x00000006c0000000,0x00000006c089db78,0x00000006c6a80000)
 Metaspace       used 31514K, capacity 31946K, committed 32256K, reserved 1077248K
  class space    used 4115K, capacity 4230K, committed 4352K, reserved 1048576K
Event: 2.618 GC heap after
Heap after GC invocations=6 (full 1):
 PSYoungGen      total 270336K, used 10721K [0x000000076ab00000, 0x000000077d600000, 0x00000007c0000000)
  eden space 259584K, 0% used [0x000000076ab00000,0x000000076ab00000,0x000000077a880000)
  from space 10752K, 99% used [0x000000077a880000,0x000000077b2f86d0,0x000000077b300000)
  to   space 15872K, 0% used [0x000000077c680000,0x000000077c680000,0x000000077d600000)
 ParOldGen       total 109056K, used 15208K [0x00000006c0000000, 0x00000006c6a80000, 0x000000076ab00000)
  object space 109056K, 13% used [0x00000006c0000000,0x00000006c0eda1c0,0x00000006c6a80000)
 Metaspace       used 31514K, capacity 31946K, committed 32256K, reserved 1077248K
  class space    used 4115K, capacity 4230K, committed 4352K, reserved 1048576K
}
Event: 5.927 GC heap before
{Heap before GC invocations=7 (full 1):
 PSYoungGen      total 270336K, used 241636K [0x000000076ab00000, 0x000000077d600000, 0x00000007c0000000)
  eden space 259584K, 88% used [0x000000076ab00000,0x0000000778c80ce0,0x000000077a880000)
  from space 10752K, 99% used [0x000000077a880000,0x000000077b2f86d0,0x000000077b300000)
  to   space 15872K, 0% used [0x000000077c680000,0x000000077c680000,0x000000077d600000)
 ParOldGen       total 109056K, used 15208K [0x00000006c0000000, 0x00000006c6a80000, 0x000000076ab00000)
  object space 109056K, 13% used [0x00000006c0000000,0x00000006c0eda1c0,0x00000006c6a80000)
 Metaspace       used 34779K, capacity 35264K, committed 35416K, reserved 1079296K
  class space    used 4584K, capacity 4700K, committed 4736K, reserved 1048576K
Event: 5.938 GC heap after
Heap after GC invocations=7 (full 1):
 PSYoungGen      total 288256K, used 14770K [0x000000076ab00000, 0x0000000782d80000, 0x00000007c0000000)
  eden space 272384K, 0% used [0x000000076ab00000,0x000000076ab00000,0x000000077b500000)
  from space 15872K, 93% used [0x000000077c680000,0x000000077d4ec988,0x000000077d600000)
  to   space 17920K, 0% used [0x000000077b500000,0x000000077b500000,0x000000077c680000)
 ParOldGen       total 109056K, used 15216K [0x00000006c0000000, 0x00000006c6a80000, 0x000000076ab00000)
  object space 109056K, 13% used [0x00000006c0000000,0x00000006c0edc1c0,0x00000006c6a80000)
 Metaspace       used 34779K, capacity 35264K, committed 35416K, reserved 1079296K
  class space    used 4584K, capacity 4700K, committed 4736K, reserved 1048576K
}
Event: 5.938 GC heap before
{Heap before GC invocations=8 (full 2):
 PSYoungGen      total 288256K, used 14770K [0x000000076ab00000, 0x0000000782d80000, 0x00000007c0000000)
  eden space 272384K, 0% used [0x000000076ab00000,0x000000076ab00000,0x000000077b500000)
  from space 15872K, 93% used [0x000000077c680000,0x000000077d4ec988,0x000000077d600000)
  to   space 17920K, 0% used [0x000000077b500000,0x000000077b500000,0x000000077c680000)
 ParOldGen       total 109056K, used 15216K [0x00000006c0000000, 0x00000006c6a80000, 0x000000076ab00000)
  object space 109056K, 13% used [0x00000006c0000000,0x00000006c0edc1c0,0x00000006c6a80000)
 Metaspace       used 34779K, capacity 35264K, committed 35416K, reserved 1079296K
  class space    used 4584K, capacity 4700K, committed 4736K, reserved 1048576K
Event: 5.994 GC heap after
Heap after GC invocations=8 (full 2):
 PSYoungGen      total 288256K, used 0K [0x000000076ab00000, 0x0000000782d80000, 0x00000007c0000000)
  eden space 272384K, 0% used [0x000000076ab00000,0x000000076ab00000,0x000000077b500000)
  from space 15872K, 0% used [0x000000077c680000,0x000000077c680000,0x000000077d600000)
  to   space 17920K, 0% used [0x000000077b500000,0x000000077b500000,0x000000077c680000)
 ParOldGen       total 181760K, used 21769K [0x00000006c0000000, 0x00000006cb180000, 0x000000076ab00000)
  object space 181760K, 11% used [0x00000006c0000000,0x00000006c15427c0,0x00000006cb180000)
 Metaspace       used 34779K, capacity 35264K, committed 35416K, reserved 1079296K
  class space    used 4584K, capacity 4700K, committed 4736K, reserved 1048576K
}
Event: 18.634 GC heap before
{Heap before GC invocations=9 (full 2):
 PSYoungGen      total 288256K, used 272384K [0x000000076ab00000, 0x0000000782d80000, 0x00000007c0000000)
  eden space 272384K, 100% used [0x000000076ab00000,0x000000077b500000,0x000000077b500000)
  from space 15872K, 0% used [0x000000077c680000,0x000000077c680000,0x000000077d600000)
  to   space 17920K, 0% used [0x000000077b500000,0x000000077b500000,0x000000077c680000)
 ParOldGen       total 181760K, used 21769K [0x00000006c0000000, 0x00000006cb180000, 0x000000076ab00000)
  object space 181760K, 11% used [0x00000006c0000000,0x00000006c15427c0,0x00000006cb180000)
 Metaspace       used 48265K, capacity 48868K, committed 49240K, reserved 1091584K
  class space    used 6039K, capacity 6184K, committed 6272K, reserved 1048576K
Event: 18.653 GC heap after
Heap after GC invocations=9 (full 2):
 PSYoungGen      total 290304K, used 17909K [0x000000076ab00000, 0x0000000785100000, 0x00000007c0000000)
  eden space 272384K, 0% used [0x000000076ab00000,0x000000076ab00000,0x000000077b500000)
  from space 17920K, 99% used [0x000000077b500000,0x000000077c67d508,0x000000077c680000)
  to   space 27648K, 0% used [0x0000000783600000,0x0000000783600000,0x0000000785100000)
 ParOldGen       total 181760K, used 35540K [0x00000006c0000000, 0x00000006cb180000, 0x000000076ab00000)
  object space 181760K, 19% used [0x00000006c0000000,0x00000006c22b5020,0x00000006cb180000)
 Metaspace       used 48265K, capacity 48868K, committed 49240K, reserved 1091584K
  class space    used 6039K, capacity 6184K, committed 6272K, reserved 1048576K
}

