# JRE version: Java(TM) SE Runtime Environment (8.0_73-b02) (build 1.8.0_73-b02)
# Java VM: Java HotSpot(TM) 64-Bit Server VM (25.73-b02 mixed mode bsd-amd64 compressed oops)
Heap:
 PSYoungGen      total 443392K, used 318338K [0x000000076ab00000, 0x0000000787f80000, 0x00000007c0000000)
  eden space 425984K, 70% used [0x000000076ab00000,0x000000077d149d08,0x0000000784b00000)
  from space 17408K, 97% used [0x0000000786e80000,0x0000000787f16be0,0x0000000787f80000)
  to   space 22528K, 0% used [0x0000000785380000,0x0000000785380000,0x0000000786980000)
 ParOldGen       total 138240K, used 31371K [0x00000006c0000000, 0x00000006c8700000, 0x000000076ab00000)
  object space 138240K, 22% used [0x00000006c0000000,0x00000006c1ea2ea0,0x00000006c8700000)
 Metaspace       used 38213K, capacity 38646K, committed 38908K, reserved 1083392K
  class space    used 4658K, capacity 4796K, committed 4864K, reserved 1048576K
GC Heap History (10 events):
Event: 1.380 GC heap before
{Heap before GC invocations=6 (full 1):
 PSYoungGen      total 141824K, used 6016K [0x000000076ab00000, 0x000000077bf00000, 0x00000007c0000000)
  eden space 131072K, 0% used [0x000000076ab00000,0x000000076ab00000,0x0000000772b00000)
  from space 10752K, 55% used [0x0000000772b00000,0x00000007730e0230,0x0000000773580000)
  to   space 10240K, 0% used [0x000000077b500000,0x000000077b500000,0x000000077bf00000)
 ParOldGen       total 175104K, used 112K [0x00000006c0000000, 0x00000006cab00000, 0x000000076ab00000)
  object space 175104K, 0% used [0x00000006c0000000,0x00000006c001c010,0x00000006cab00000)
 Metaspace       used 21275K, capacity 21492K, committed 21628K, reserved 1069056K
  class space    used 2638K, capacity 2687K, committed 2688K, reserved 1048576K
Event: 1.403 GC heap after
Heap after GC invocations=6 (full 1):
 PSYoungGen      total 141824K, used 0K [0x000000076ab00000, 0x000000077bf00000, 0x00000007c0000000)
  eden space 131072K, 0% used [0x000000076ab00000,0x000000076ab00000,0x0000000772b00000)
  from space 10752K, 0% used [0x0000000772b00000,0x0000000772b00000,0x0000000773580000)
  to   space 10240K, 0% used [0x000000077b500000,0x000000077b500000,0x000000077bf00000)
 ParOldGen       total 79872K, used 5943K [0x00000006c0000000, 0x00000006c4e00000, 0x000000076ab00000)
  object space 79872K, 7% used [0x00000006c0000000,0x00000006c05cdc88,0x00000006c4e00000)
 Metaspace       used 21275K, capacity 21492K, committed 21628K, reserved 1069056K
  class space    used 2638K, capacity 2687K, committed 2688K, reserved 1048576K
}
Event: 2.033 GC heap before
{Heap before GC invocations=7 (full 1):
 PSYoungGen      total 141824K, used 131072K [0x000000076ab00000, 0x000000077bf00000, 0x00000007c0000000)
  eden space 131072K, 100% used [0x000000076ab00000,0x0000000772b00000,0x0000000772b00000)
  from space 10752K, 0% used [0x0000000772b00000,0x0000000772b00000,0x0000000773580000)
  to   space 10240K, 0% used [0x000000077b500000,0x000000077b500000,0x000000077bf00000)
 ParOldGen       total 79872K, used 5943K [0x00000006c0000000, 0x00000006c4e00000, 0x000000076ab00000)
  object space 79872K, 7% used [0x00000006c0000000,0x00000006c05cdc88,0x00000006c4e00000)
 Metaspace       used 27090K, capacity 27424K, committed 27900K, reserved 1073152K
  class space    used 3361K, capacity 3457K, committed 3584K, reserved 1048576K
Event: 2.041 GC heap after
Heap after GC invocations=7 (full 1):
 PSYoungGen      total 250880K, used 8091K [0x000000076ab00000, 0x000000077bd00000, 0x00000007c0000000)
  eden space 242688K, 0% used [0x000000076ab00000,0x000000076ab00000,0x0000000779800000)
  from space 8192K, 98% used [0x000000077b500000,0x000000077bce6fe8,0x000000077bd00000)
  to   space 10240K, 0% used [0x000000077a900000,0x000000077a900000,0x000000077b300000)
 ParOldGen       total 79872K, used 5951K [0x00000006c0000000, 0x00000006c4e00000, 0x000000076ab00000)
  object space 79872K, 7% used [0x00000006c0000000,0x00000006c05cfc88,0x00000006c4e00000)
 Metaspace       used 27090K, capacity 27424K, committed 27900K, reserved 1073152K
  class space    used 3361K, capacity 3457K, committed 3584K, reserved 1048576K
}
Event: 3.164 GC heap before
{Heap before GC invocations=8 (full 1):
 PSYoungGen      total 250880K, used 209219K [0x000000076ab00000, 0x000000077bd00000, 0x00000007c0000000)
  eden space 242688K, 82% used [0x000000076ab00000,0x0000000776f69e40,0x0000000779800000)
  from space 8192K, 98% used [0x000000077b500000,0x000000077bce6fe8,0x000000077bd00000)
  to   space 10240K, 0% used [0x000000077a900000,0x000000077a900000,0x000000077b300000)
 ParOldGen       total 79872K, used 5951K [0x00000006c0000000, 0x00000006c4e00000, 0x000000076ab00000)
  object space 79872K, 7% used [0x00000006c0000000,0x00000006c05cfc88,0x00000006c4e00000)
 Metaspace       used 35459K, capacity 35816K, committed 36048K, reserved 1081344K
  class space    used 4346K, capacity 4451K, committed 4480K, reserved 1048576K
Event: 3.182 GC heap after
Heap after GC invocations=8 (full 1):
 PSYoungGen      total 270336K, used 10219K [0x000000076ab00000, 0x0000000788300000, 0x00000007c0000000)
  eden space 260096K, 0% used [0x000000076ab00000,0x000000076ab00000,0x000000077a900000)
  from space 10240K, 99% used [0x000000077a900000,0x000000077b2fada8,0x000000077b300000)
  to   space 20992K, 0% used [0x0000000786e80000,0x0000000786e80000,0x0000000788300000)
 ParOldGen       total 79872K, used 25068K [0x00000006c0000000, 0x00000006c4e00000, 0x000000076ab00000)
  object space 79872K, 31% used [0x00000006c0000000,0x00000006c187b300,0x00000006c4e00000)
 Metaspace       used 35459K, capacity 35816K, committed 36048K, reserved 1081344K
  class space    used 4346K, capacity 4451K, committed 4480K, reserved 1048576K
}
Event: 3.182 GC heap before
{Heap before GC invocations=9 (full 2):
 PSYoungGen      total 270336K, used 10219K [0x000000076ab00000, 0x0000000788300000, 0x00000007c0000000)
  eden space 260096K, 0% used [0x000000076ab00000,0x000000076ab00000,0x000000077a900000)
  from space 10240K, 99% used [0x000000077a900000,0x000000077b2fada8,0x000000077b300000)
  to   space 20992K, 0% used [0x0000000786e80000,0x0000000786e80000,0x0000000788300000)
 ParOldGen       total 79872K, used 25068K [0x00000006c0000000, 0x00000006c4e00000, 0x000000076ab00000)
  object space 79872K, 31% used [0x00000006c0000000,0x00000006c187b300,0x00000006c4e00000)
 Metaspace       used 35459K, capacity 35816K, committed 36048K, reserved 1081344K
  class space    used 4346K, capacity 4451K, committed 4480K, reserved 1048576K
Event: 3.277 GC heap after
Heap after GC invocations=9 (full 2):
 PSYoungGen      total 270336K, used 0K [0x000000076ab00000, 0x0000000788300000, 0x00000007c0000000)
  eden space 260096K, 0% used [0x000000076ab00000,0x000000076ab00000,0x000000077a900000)
  from space 10240K, 0% used [0x000000077a900000,0x000000077a900000,0x000000077b300000)
  to   space 20992K, 0% used [0x0000000786e80000,0x0000000786e80000,0x0000000788300000)
 ParOldGen       total 138240K, used 31363K [0x00000006c0000000, 0x00000006c8700000, 0x000000076ab00000)
  object space 138240K, 22% used [0x00000006c0000000,0x00000006c1ea0ea0,0x00000006c8700000)
 Metaspace       used 35459K, capacity 35816K, committed 36048K, reserved 1081344K
  class space    used 4346K, capacity 4451K, committed 4480K, reserved 1048576K
}
Event: 3.884 GC heap before
{Heap before GC invocations=10 (full 2):
 PSYoungGen      total 270336K, used 260096K [0x000000076ab00000, 0x0000000788300000, 0x00000007c0000000)
  eden space 260096K, 100% used [0x000000076ab00000,0x000000077a900000,0x000000077a900000)
  from space 10240K, 0% used [0x000000077a900000,0x000000077a900000,0x000000077b300000)
  to   space 20992K, 0% used [0x0000000786e80000,0x0000000786e80000,0x0000000788300000)
 ParOldGen       total 138240K, used 31363K [0x00000006c0000000, 0x00000006c8700000, 0x000000076ab00000)
  object space 138240K, 22% used [0x00000006c0000000,0x00000006c1ea0ea0,0x00000006c8700000)
 Metaspace       used 36924K, capacity 37398K, committed 37756K, reserved 1083392K
  class space    used 4522K, capacity 4624K, committed 4736K, reserved 1048576K
Event: 3.893 GC heap after
Heap after GC invocations=10 (full 2):
 PSYoungGen      total 443392K, used 16986K [0x000000076ab00000, 0x0000000787f80000, 0x00000007c0000000)
  eden space 425984K, 0% used [0x000000076ab00000,0x000000076ab00000,0x0000000784b00000)
  from space 17408K, 97% used [0x0000000786e80000,0x0000000787f16be0,0x0000000787f80000)
  to   space 22528K, 0% used [0x0000000785380000,0x0000000785380000,0x0000000786980000)
 ParOldGen       total 138240K, used 31371K [0x00000006c0000000, 0x00000006c8700000, 0x000000076ab00000)
  object space 138240K, 22% used [0x00000006c0000000,0x00000006c1ea2ea0,0x00000006c8700000)
 Metaspace       used 36924K, capacity 37398K, committed 37756K, reserved 1083392K
  class space    used 4522K, capacity 4624K, committed 4736K, reserved 1048576K
}

