# JRE version: Java(TM) SE Runtime Environment (8.0_73-b02) (build 1.8.0_73-b02)
# Java VM: Java HotSpot(TM) 64-Bit Server VM (25.73-b02 mixed mode bsd-amd64 compressed oops)
Heap:
 PSYoungGen      total 362496K, used 348946K [0x000000076ab00000, 0x0000000785980000, 0x00000007c0000000)
  eden space 343552K, 96% used [0x000000076ab00000,0x000000077ed45010,0x000000077fa80000)
  from space 18944K, 99% used [0x0000000784700000,0x000000078597fbe0,0x0000000785980000)
  to   space 22016K, 0% used [0x0000000782e80000,0x0000000782e80000,0x0000000784400000)
 ParOldGen       total 150528K, used 29157K [0x00000006c0000000, 0x00000006c9300000, 0x000000076ab00000)
  object space 150528K, 19% used [0x00000006c0000000,0x00000006c1c79538,0x00000006c9300000)
 Metaspace       used 38212K, capacity 38710K, committed 39168K, reserved 1083392K
  class space    used 4657K, capacity 4796K, committed 4864K, reserved 1048576K
GC Heap History (10 events):
Event: 1.955 GC heap before
{Heap before GC invocations=6 (full 1):
 PSYoungGen      total 141824K, used 131072K [0x000000076ab00000, 0x0000000774000000, 0x00000007c0000000)
  eden space 131072K, 100% used [0x000000076ab00000,0x0000000772b00000,0x0000000772b00000)
  from space 10752K, 0% used [0x0000000773580000,0x0000000773580000,0x0000000774000000)
  to   space 10752K, 0% used [0x0000000772b00000,0x0000000772b00000,0x0000000773580000)
 ParOldGen       total 81920K, used 5498K [0x00000006c0000000, 0x00000006c5000000, 0x000000076ab00000)
  object space 81920K, 6% used [0x00000006c0000000,0x00000006c055ea60,0x00000006c5000000)
 Metaspace       used 26502K, capacity 26842K, committed 27264K, reserved 1073152K
  class space    used 3306K, capacity 3392K, committed 3456K, reserved 1048576K
Event: 1.963 GC heap after
Heap after GC invocations=6 (full 1):
 PSYoungGen      total 141824K, used 7619K [0x000000076ab00000, 0x000000077a580000, 0x00000007c0000000)
  eden space 131072K, 0% used [0x000000076ab00000,0x000000076ab00000,0x0000000772b00000)
  from space 10752K, 70% used [0x0000000772b00000,0x0000000773270ca0,0x0000000773580000)
  to   space 10240K, 0% used [0x0000000779b80000,0x0000000779b80000,0x000000077a580000)
 ParOldGen       total 81920K, used 5506K [0x00000006c0000000, 0x00000006c5000000, 0x000000076ab00000)
  object space 81920K, 6% used [0x00000006c0000000,0x00000006c0560a60,0x00000006c5000000)
 Metaspace       used 26502K, capacity 26842K, committed 27264K, reserved 1073152K
  class space    used 3306K, capacity 3392K, committed 3456K, reserved 1048576K
}
Event: 2.516 GC heap before
{Heap before GC invocations=7 (full 1):
 PSYoungGen      total 141824K, used 138691K [0x000000076ab00000, 0x000000077a580000, 0x00000007c0000000)
  eden space 131072K, 100% used [0x000000076ab00000,0x0000000772b00000,0x0000000772b00000)
  from space 10752K, 70% used [0x0000000772b00000,0x0000000773270ca0,0x0000000773580000)
  to   space 10240K, 0% used [0x0000000779b80000,0x0000000779b80000,0x000000077a580000)
 ParOldGen       total 81920K, used 5506K [0x00000006c0000000, 0x00000006c5000000, 0x000000076ab00000)
  object space 81920K, 6% used [0x00000006c0000000,0x00000006c0560a60,0x00000006c5000000)
 Metaspace       used 29970K, capacity 30298K, committed 30464K, reserved 1075200K
  class space    used 3752K, capacity 3834K, committed 3840K, reserved 1048576K
Event: 2.524 GC heap after
Heap after GC invocations=7 (full 1):
 PSYoungGen      total 239616K, used 7843K [0x000000076ab00000, 0x000000077a380000, 0x00000007c0000000)
  eden space 231424K, 0% used [0x000000076ab00000,0x000000076ab00000,0x0000000778d00000)
  from space 8192K, 95% used [0x0000000779b80000,0x000000077a328cf0,0x000000077a380000)
  to   space 10240K, 0% used [0x0000000778f80000,0x0000000778f80000,0x0000000779980000)
 ParOldGen       total 81920K, used 5514K [0x00000006c0000000, 0x00000006c5000000, 0x000000076ab00000)
  object space 81920K, 6% used [0x00000006c0000000,0x00000006c0562a60,0x00000006c5000000)
 Metaspace       used 29970K, capacity 30298K, committed 30464K, reserved 1075200K
  class space    used 3752K, capacity 3834K, committed 3840K, reserved 1048576K
}
Event: 3.043 GC heap before
{Heap before GC invocations=8 (full 1):
 PSYoungGen      total 239616K, used 80274K [0x000000076ab00000, 0x000000077a380000, 0x00000007c0000000)
  eden space 231424K, 31% used [0x000000076ab00000,0x000000076f1bbc18,0x0000000778d00000)
  from space 8192K, 95% used [0x0000000779b80000,0x000000077a328cf0,0x000000077a380000)
  to   space 10240K, 0% used [0x0000000778f80000,0x0000000778f80000,0x0000000779980000)
 ParOldGen       total 81920K, used 5514K [0x00000006c0000000, 0x00000006c5000000, 0x000000076ab00000)
  object space 81920K, 6% used [0x00000006c0000000,0x00000006c0562a60,0x00000006c5000000)
 Metaspace       used 34778K, capacity 35146K, committed 35456K, reserved 1081344K
  class space    used 4271K, capacity 4382K, committed 4480K, reserved 1048576K
Event: 3.058 GC heap after
Heap after GC invocations=8 (full 1):
 PSYoungGen      total 244224K, used 10232K [0x000000076ab00000, 0x0000000785980000, 0x00000007c0000000)
  eden space 233984K, 0% used [0x000000076ab00000,0x000000076ab00000,0x0000000778f80000)
  from space 10240K, 99% used [0x0000000778f80000,0x000000077997e298,0x0000000779980000)
  to   space 18944K, 0% used [0x0000000784700000,0x0000000784700000,0x0000000785980000)
 ParOldGen       total 81920K, used 20761K [0x00000006c0000000, 0x00000006c5000000, 0x000000076ab00000)
  object space 81920K, 25% used [0x00000006c0000000,0x00000006c14466f8,0x00000006c5000000)
 Metaspace       used 34778K, capacity 35146K, committed 35456K, reserved 1081344K
  class space    used 4271K, capacity 4382K, committed 4480K, reserved 1048576K
}
Event: 3.059 GC heap before
{Heap before GC invocations=9 (full 2):
 PSYoungGen      total 244224K, used 10232K [0x000000076ab00000, 0x0000000785980000, 0x00000007c0000000)
  eden space 233984K, 0% used [0x000000076ab00000,0x000000076ab00000,0x0000000778f80000)
  from space 10240K, 99% used [0x0000000778f80000,0x000000077997e298,0x0000000779980000)
  to   space 18944K, 0% used [0x0000000784700000,0x0000000784700000,0x0000000785980000)
 ParOldGen       total 81920K, used 20761K [0x00000006c0000000, 0x00000006c5000000, 0x000000076ab00000)
  object space 81920K, 25% used [0x00000006c0000000,0x00000006c14466f8,0x00000006c5000000)
 Metaspace       used 34778K, capacity 35146K, committed 35456K, reserved 1081344K
  class space    used 4271K, capacity 4382K, committed 4480K, reserved 1048576K
Event: 3.192 GC heap after
Heap after GC invocations=9 (full 2):
 PSYoungGen      total 244224K, used 0K [0x000000076ab00000, 0x0000000785980000, 0x00000007c0000000)
  eden space 233984K, 0% used [0x000000076ab00000,0x000000076ab00000,0x0000000778f80000)
  from space 10240K, 0% used [0x0000000778f80000,0x0000000778f80000,0x0000000779980000)
  to   space 18944K, 0% used [0x0000000784700000,0x0000000784700000,0x0000000785980000)
 ParOldGen       total 150528K, used 28752K [0x00000006c0000000, 0x00000006c9300000, 0x000000076ab00000)
  object space 150528K, 19% used [0x00000006c0000000,0x00000006c1c14160,0x00000006c9300000)
 Metaspace       used 34778K, capacity 35146K, committed 35456K, reserved 1081344K
  class space    used 4271K, capacity 4382K, committed 4480K, reserved 1048576K
}
Event: 3.784 GC heap before
{Heap before GC invocations=10 (full 2):
 PSYoungGen      total 244224K, used 233984K [0x000000076ab00000, 0x0000000785980000, 0x00000007c0000000)
  eden space 233984K, 100% used [0x000000076ab00000,0x0000000778f80000,0x0000000778f80000)
  from space 10240K, 0% used [0x0000000778f80000,0x0000000778f80000,0x0000000779980000)
  to   space 18944K, 0% used [0x0000000784700000,0x0000000784700000,0x0000000785980000)
 ParOldGen       total 150528K, used 28752K [0x00000006c0000000, 0x00000006c9300000, 0x000000076ab00000)
  object space 150528K, 19% used [0x00000006c0000000,0x00000006c1c14160,0x00000006c9300000)
 Metaspace       used 36916K, capacity 37392K, committed 37760K, reserved 1083392K
  class space    used 4518K, capacity 4623K, committed 4736K, reserved 1048576K
Event: 3.795 GC heap after
Heap after GC invocations=10 (full 2):
 PSYoungGen      total 362496K, used 18942K [0x000000076ab00000, 0x0000000785980000, 0x00000007c0000000)
  eden space 343552K, 0% used [0x000000076ab00000,0x000000076ab00000,0x000000077fa80000)
  from space 18944K, 99% used [0x0000000784700000,0x000000078597fbe0,0x0000000785980000)
  to   space 22016K, 0% used [0x0000000782e80000,0x0000000782e80000,0x0000000784400000)
 ParOldGen       total 150528K, used 29157K [0x00000006c0000000, 0x00000006c9300000, 0x000000076ab00000)
  object space 150528K, 19% used [0x00000006c0000000,0x00000006c1c79538,0x00000006c9300000)
 Metaspace       used 36916K, capacity 37392K, committed 37760K, reserved 1083392K
  class space    used 4518K, capacity 4623K, committed 4736K, reserved 1048576K
}

