# JRE version: Java(TM) SE Runtime Environment (8.0_73-b02) (build 1.8.0_73-b02)
# Java VM: Java HotSpot(TM) 64-Bit Server VM (25.73-b02 mixed mode bsd-amd64 compressed oops)
Heap:
 PSYoungGen      total 347648K, used 347647K [0x000000076ab00000, 0x0000000785200000, 0x00000007c0000000)
  eden space 328704K, 100% used [0x000000076ab00000,0x000000077ec00000,0x000000077ec00000)
  from space 18944K, 99% used [0x0000000783f80000,0x00000007851fff08,0x0000000785200000)
  to   space 22016K, 0% used [0x0000000782700000,0x0000000782700000,0x0000000783c80000)
 ParOldGen       total 157696K, used 29267K [0x00000006c0000000, 0x00000006c9a00000, 0x000000076ab00000)
  object space 157696K, 18% used [0x00000006c0000000,0x00000006c1c94e68,0x00000006c9a00000)
 Metaspace       used 38191K, capacity 38710K, committed 39168K, reserved 1083392K
  class space    used 4657K, capacity 4796K, committed 4864K, reserved 1048576K
GC Heap History (10 events):
Event: 2.453 GC heap before
{Heap before GC invocations=6 (full 1):
 PSYoungGen      total 141824K, used 131072K [0x000000076ab00000, 0x0000000774000000, 0x00000007c0000000)
  eden space 131072K, 100% used [0x000000076ab00000,0x0000000772b00000,0x0000000772b00000)
  from space 10752K, 0% used [0x0000000773580000,0x0000000773580000,0x0000000774000000)
  to   space 10752K, 0% used [0x0000000772b00000,0x0000000772b00000,0x0000000773580000)
 ParOldGen       total 84480K, used 5701K [0x00000006c0000000, 0x00000006c5280000, 0x000000076ab00000)
  object space 84480K, 6% used [0x00000006c0000000,0x00000006c0591500,0x00000006c5280000)
 Metaspace       used 26683K, capacity 27072K, committed 27264K, reserved 1073152K
  class space    used 3319K, capacity 3425K, committed 3456K, reserved 1048576K
Event: 2.459 GC heap after
Heap after GC invocations=6 (full 1):
 PSYoungGen      total 141824K, used 7824K [0x000000076ab00000, 0x000000077a200000, 0x00000007c0000000)
  eden space 131072K, 0% used [0x000000076ab00000,0x000000076ab00000,0x0000000772b00000)
  from space 10752K, 72% used [0x0000000772b00000,0x00000007732a4350,0x0000000773580000)
  to   space 10240K, 0% used [0x0000000779800000,0x0000000779800000,0x000000077a200000)
 ParOldGen       total 84480K, used 5709K [0x00000006c0000000, 0x00000006c5280000, 0x000000076ab00000)
  object space 84480K, 6% used [0x00000006c0000000,0x00000006c0593500,0x00000006c5280000)
 Metaspace       used 26683K, capacity 27072K, committed 27264K, reserved 1073152K
  class space    used 3319K, capacity 3425K, committed 3456K, reserved 1048576K
}
Event: 2.994 GC heap before
{Heap before GC invocations=7 (full 1):
 PSYoungGen      total 141824K, used 138896K [0x000000076ab00000, 0x000000077a200000, 0x00000007c0000000)
  eden space 131072K, 100% used [0x000000076ab00000,0x0000000772b00000,0x0000000772b00000)
  from space 10752K, 72% used [0x0000000772b00000,0x00000007732a4350,0x0000000773580000)
  to   space 10240K, 0% used [0x0000000779800000,0x0000000779800000,0x000000077a200000)
 ParOldGen       total 84480K, used 5709K [0x00000006c0000000, 0x00000006c5280000, 0x000000076ab00000)
  object space 84480K, 6% used [0x00000006c0000000,0x00000006c0593500,0x00000006c5280000)
 Metaspace       used 30117K, capacity 30458K, committed 30848K, reserved 1077248K
  class space    used 3771K, capacity 3866K, committed 3968K, reserved 1048576K
Event: 3.001 GC heap after
Heap after GC invocations=7 (full 1):
 PSYoungGen      total 236032K, used 7852K [0x000000076ab00000, 0x000000077a000000, 0x00000007c0000000)
  eden space 227840K, 0% used [0x000000076ab00000,0x000000076ab00000,0x0000000778980000)
  from space 8192K, 95% used [0x0000000779800000,0x0000000779fab240,0x000000077a000000)
  to   space 10240K, 0% used [0x0000000778c00000,0x0000000778c00000,0x0000000779600000)
 ParOldGen       total 84480K, used 5717K [0x00000006c0000000, 0x00000006c5280000, 0x000000076ab00000)
  object space 84480K, 6% used [0x00000006c0000000,0x00000006c0595500,0x00000006c5280000)
 Metaspace       used 30117K, capacity 30458K, committed 30848K, reserved 1077248K
  class space    used 3771K, capacity 3866K, committed 3968K, reserved 1048576K
}
Event: 3.573 GC heap before
{Heap before GC invocations=8 (full 1):
 PSYoungGen      total 236032K, used 77666K [0x000000076ab00000, 0x000000077a000000, 0x00000007c0000000)
  eden space 227840K, 30% used [0x000000076ab00000,0x000000076ef2d5c8,0x0000000778980000)
  from space 8192K, 95% used [0x0000000779800000,0x0000000779fab240,0x000000077a000000)
  to   space 10240K, 0% used [0x0000000778c00000,0x0000000778c00000,0x0000000779600000)
 ParOldGen       total 84480K, used 5717K [0x00000006c0000000, 0x00000006c5280000, 0x000000076ab00000)
  object space 84480K, 6% used [0x00000006c0000000,0x00000006c0595500,0x00000006c5280000)
 Metaspace       used 34772K, capacity 35146K, committed 35456K, reserved 1081344K
  class space    used 4271K, capacity 4382K, committed 4480K, reserved 1048576K
Event: 3.592 GC heap after
Heap after GC invocations=8 (full 1):
 PSYoungGen      total 240640K, used 10217K [0x000000076ab00000, 0x0000000785200000, 0x00000007c0000000)
  eden space 230400K, 0% used [0x000000076ab00000,0x000000076ab00000,0x0000000778c00000)
  from space 10240K, 99% used [0x0000000778c00000,0x00000007795fa528,0x0000000779600000)
  to   space 18944K, 0% used [0x0000000783f80000,0x0000000783f80000,0x0000000785200000)
 ParOldGen       total 84480K, used 21188K [0x00000006c0000000, 0x00000006c5280000, 0x000000076ab00000)
  object space 84480K, 25% used [0x00000006c0000000,0x00000006c14b1000,0x00000006c5280000)
 Metaspace       used 34772K, capacity 35146K, committed 35456K, reserved 1081344K
  class space    used 4271K, capacity 4382K, committed 4480K, reserved 1048576K
}
Event: 3.592 GC heap before
{Heap before GC invocations=9 (full 2):
 PSYoungGen      total 240640K, used 10217K [0x000000076ab00000, 0x0000000785200000, 0x00000007c0000000)
  eden space 230400K, 0% used [0x000000076ab00000,0x000000076ab00000,0x0000000778c00000)
  from space 10240K, 99% used [0x0000000778c00000,0x00000007795fa528,0x0000000779600000)
  to   space 18944K, 0% used [0x0000000783f80000,0x0000000783f80000,0x0000000785200000)
 ParOldGen       total 84480K, used 21188K [0x00000006c0000000, 0x00000006c5280000, 0x000000076ab00000)
  object space 84480K, 25% used [0x00000006c0000000,0x00000006c14b1000,0x00000006c5280000)
 Metaspace       used 34772K, capacity 35146K, committed 35456K, reserved 1081344K
  class space    used 4271K, capacity 4382K, committed 4480K, reserved 1048576K
Event: 3.721 GC heap after
Heap after GC invocations=9 (full 2):
 PSYoungGen      total 240640K, used 0K [0x000000076ab00000, 0x0000000785200000, 0x00000007c0000000)
  eden space 230400K, 0% used [0x000000076ab00000,0x000000076ab00000,0x0000000778c00000)
  from space 10240K, 0% used [0x0000000778c00000,0x0000000778c00000,0x0000000779600000)
  to   space 18944K, 0% used [0x0000000783f80000,0x0000000783f80000,0x0000000785200000)
 ParOldGen       total 157696K, used 28587K [0x00000006c0000000, 0x00000006c9a00000, 0x000000076ab00000)
  object space 157696K, 18% used [0x00000006c0000000,0x00000006c1beae90,0x00000006c9a00000)
 Metaspace       used 34772K, capacity 35146K, committed 35456K, reserved 1081344K
  class space    used 4271K, capacity 4382K, committed 4480K, reserved 1048576K
}
Event: 4.485 GC heap before
{Heap before GC invocations=10 (full 2):
 PSYoungGen      total 240640K, used 230400K [0x000000076ab00000, 0x0000000785200000, 0x00000007c0000000)
  eden space 230400K, 100% used [0x000000076ab00000,0x0000000778c00000,0x0000000778c00000)
  from space 10240K, 0% used [0x0000000778c00000,0x0000000778c00000,0x0000000779600000)
  to   space 18944K, 0% used [0x0000000783f80000,0x0000000783f80000,0x0000000785200000)
 ParOldGen       total 157696K, used 28587K [0x00000006c0000000, 0x00000006c9a00000, 0x000000076ab00000)
  object space 157696K, 18% used [0x00000006c0000000,0x00000006c1beae90,0x00000006c9a00000)
 Metaspace       used 36904K, capacity 37328K, committed 37760K, reserved 1083392K
  class space    used 4517K, capacity 4623K, committed 4736K, reserved 1048576K
Event: 4.499 GC heap after
Heap after GC invocations=10 (full 2):
 PSYoungGen      total 347648K, used 18943K [0x000000076ab00000, 0x0000000785200000, 0x00000007c0000000)
  eden space 328704K, 0% used [0x000000076ab00000,0x000000076ab00000,0x000000077ec00000)
  from space 18944K, 99% used [0x0000000783f80000,0x00000007851fff08,0x0000000785200000)
  to   space 22016K, 0% used [0x0000000782700000,0x0000000782700000,0x0000000783c80000)
 ParOldGen       total 157696K, used 29267K [0x00000006c0000000, 0x00000006c9a00000, 0x000000076ab00000)
  object space 157696K, 18% used [0x00000006c0000000,0x00000006c1c94e68,0x00000006c9a00000)
 Metaspace       used 36904K, capacity 37328K, committed 37760K, reserved 1083392K
  class space    used 4517K, capacity 4623K, committed 4736K, reserved 1048576K
}

