# JRE version: Java(TM) SE Runtime Environment (8.0_73-b02) (build 1.8.0_73-b02)
# Java VM: Java HotSpot(TM) 64-Bit Server VM (25.73-b02 mixed mode bsd-amd64 compressed oops)
Heap:
 PSYoungGen      total 239104K, used 229771K [0x000000076ab00000, 0x000000077ec00000, 0x00000007c0000000)
  eden space 214016K, 98% used [0x000000076ab00000,0x00000007778847d0,0x0000000777c00000)
  from space 25088K, 77% used [0x0000000777c00000,0x0000000778ede618,0x0000000779480000)
  to   space 26624K, 0% used [0x000000077d200000,0x000000077d200000,0x000000077ec00000)
 ParOldGen       total 185856K, used 28287K [0x00000006c0000000, 0x00000006cb580000, 0x000000076ab00000)
  object space 185856K, 15% used [0x00000006c0000000,0x00000006c1b9fc60,0x00000006cb580000)
 Metaspace       used 38199K, capacity 38710K, committed 39168K, reserved 1083392K
  class space    used 4658K, capacity 4796K, committed 4864K, reserved 1048576K
GC Heap History (10 events):
Event: 2.909 GC heap before
{Heap before GC invocations=7 (full 1):
 PSYoungGen      total 135168K, used 132108K [0x000000076ab00000, 0x0000000774c80000, 0x00000007c0000000)
  eden space 124416K, 100% used [0x000000076ab00000,0x0000000772480000,0x0000000772480000)
  from space 10752K, 71% used [0x0000000772480000,0x0000000772c03310,0x0000000772f00000)
  to   space 11264K, 0% used [0x0000000774180000,0x0000000774180000,0x0000000774c80000)
 ParOldGen       total 108544K, used 9108K [0x00000006c0000000, 0x00000006c6a00000, 0x000000076ab00000)
  object space 108544K, 8% used [0x00000006c0000000,0x00000006c08e5108,0x00000006c6a00000)
 Metaspace       used 31985K, capacity 32394K, committed 32768K, reserved 1077248K
  class space    used 3968K, capacity 4062K, committed 4096K, reserved 1048576K
Event: 2.919 GC heap after
Heap after GC invocations=7 (full 1):
 PSYoungGen      total 151552K, used 11260K [0x000000076ab00000, 0x0000000777900000, 0x00000007c0000000)
  eden space 140288K, 0% used [0x000000076ab00000,0x000000076ab00000,0x0000000773400000)
  from space 11264K, 99% used [0x0000000774180000,0x0000000774c7f2a8,0x0000000774c80000)
  to   space 13824K, 0% used [0x0000000773400000,0x0000000773400000,0x0000000774180000)
 ParOldGen       total 108544K, used 10490K [0x00000006c0000000, 0x00000006c6a00000, 0x000000076ab00000)
  object space 108544K, 9% used [0x00000006c0000000,0x00000006c0a3eaf8,0x00000006c6a00000)
 Metaspace       used 31985K, capacity 32394K, committed 32768K, reserved 1077248K
  class space    used 3968K, capacity 4062K, committed 4096K, reserved 1048576K
}
Event: 3.274 GC heap before
{Heap before GC invocations=8 (full 1):
 PSYoungGen      total 151552K, used 60418K [0x000000076ab00000, 0x0000000777900000, 0x00000007c0000000)
  eden space 140288K, 35% used [0x000000076ab00000,0x000000076db018c0,0x0000000773400000)
  from space 11264K, 99% used [0x0000000774180000,0x0000000774c7f2a8,0x0000000774c80000)
  to   space 13824K, 0% used [0x0000000773400000,0x0000000773400000,0x0000000774180000)
 ParOldGen       total 108544K, used 10490K [0x00000006c0000000, 0x00000006c6a00000, 0x000000076ab00000)
  object space 108544K, 9% used [0x00000006c0000000,0x00000006c0a3eaf8,0x00000006c6a00000)
 Metaspace       used 34767K, capacity 35146K, committed 35456K, reserved 1081344K
  class space    used 4272K, capacity 4382K, committed 4480K, reserved 1048576K
Event: 3.290 GC heap after
Heap after GC invocations=8 (full 1):
 PSYoungGen      total 154112K, used 13793K [0x000000076ab00000, 0x000000077ad00000, 0x00000007c0000000)
  eden space 140288K, 0% used [0x000000076ab00000,0x000000076ab00000,0x0000000773400000)
  from space 13824K, 99% used [0x0000000773400000,0x00000007741787b8,0x0000000774180000)
  to   space 20992K, 0% used [0x0000000779880000,0x0000000779880000,0x000000077ad00000)
 ParOldGen       total 108544K, used 21018K [0x00000006c0000000, 0x00000006c6a00000, 0x000000076ab00000)
  object space 108544K, 19% used [0x00000006c0000000,0x00000006c1486bb0,0x00000006c6a00000)
 Metaspace       used 34767K, capacity 35146K, committed 35456K, reserved 1081344K
  class space    used 4272K, capacity 4382K, committed 4480K, reserved 1048576K
}
Event: 3.290 GC heap before
{Heap before GC invocations=9 (full 2):
 PSYoungGen      total 154112K, used 13793K [0x000000076ab00000, 0x000000077ad00000, 0x00000007c0000000)
  eden space 140288K, 0% used [0x000000076ab00000,0x000000076ab00000,0x0000000773400000)
  from space 13824K, 99% used [0x0000000773400000,0x00000007741787b8,0x0000000774180000)
  to   space 20992K, 0% used [0x0000000779880000,0x0000000779880000,0x000000077ad00000)
 ParOldGen       total 108544K, used 21018K [0x00000006c0000000, 0x00000006c6a00000, 0x000000076ab00000)
  object space 108544K, 19% used [0x00000006c0000000,0x00000006c1486bb0,0x00000006c6a00000)
 Metaspace       used 34767K, capacity 35146K, committed 35456K, reserved 1081344K
  class space    used 4272K, capacity 4382K, committed 4480K, reserved 1048576K
Event: 3.353 GC heap after
Heap after GC invocations=9 (full 2):
 PSYoungGen      total 154112K, used 0K [0x000000076ab00000, 0x000000077ad00000, 0x00000007c0000000)
  eden space 140288K, 0% used [0x000000076ab00000,0x000000076ab00000,0x0000000773400000)
  from space 13824K, 0% used [0x0000000773400000,0x0000000773400000,0x0000000774180000)
  to   space 20992K, 0% used [0x0000000779880000,0x0000000779880000,0x000000077ad00000)
 ParOldGen       total 185856K, used 27592K [0x00000006c0000000, 0x00000006cb580000, 0x000000076ab00000)
  object space 185856K, 14% used [0x00000006c0000000,0x00000006c1af2108,0x00000006cb580000)
 Metaspace       used 34767K, capacity 35146K, committed 35456K, reserved 1081344K
  class space    used 4272K, capacity 4382K, committed 4480K, reserved 1048576K
}
Event: 3.779 GC heap before
{Heap before GC invocations=10 (full 2):
 PSYoungGen      total 154112K, used 140288K [0x000000076ab00000, 0x000000077ad00000, 0x00000007c0000000)
  eden space 140288K, 100% used [0x000000076ab00000,0x0000000773400000,0x0000000773400000)
  from space 13824K, 0% used [0x0000000773400000,0x0000000773400000,0x0000000774180000)
  to   space 20992K, 0% used [0x0000000779880000,0x0000000779880000,0x000000077ad00000)
 ParOldGen       total 185856K, used 27592K [0x00000006c0000000, 0x00000006cb580000, 0x000000076ab00000)
  object space 185856K, 14% used [0x00000006c0000000,0x00000006c1af2108,0x00000006cb580000)
 Metaspace       used 36813K, capacity 37252K, committed 37760K, reserved 1083392K
  class space    used 4518K, capacity 4621K, committed 4736K, reserved 1048576K
Event: 3.794 GC heap after
Heap after GC invocations=10 (full 2):
 PSYoungGen      total 231424K, used 20986K [0x000000076ab00000, 0x000000077ad00000, 0x00000007c0000000)
  eden space 210432K, 0% used [0x000000076ab00000,0x000000076ab00000,0x0000000777880000)
  from space 20992K, 99% used [0x0000000779880000,0x000000077acfe960,0x000000077ad00000)
  to   space 25088K, 0% used [0x0000000777c00000,0x0000000777c00000,0x0000000779480000)
 ParOldGen       total 185856K, used 28279K [0x00000006c0000000, 0x00000006cb580000, 0x000000076ab00000)
  object space 185856K, 15% used [0x00000006c0000000,0x00000006c1b9dc60,0x00000006cb580000)
 Metaspace       used 36813K, capacity 37252K, committed 37760K, reserved 1083392K
  class space    used 4518K, capacity 4621K, committed 4736K, reserved 1048576K
}
Event: 4.204 GC heap before
{Heap before GC invocations=11 (full 2):
 PSYoungGen      total 231424K, used 231418K [0x000000076ab00000, 0x000000077ad00000, 0x00000007c0000000)
  eden space 210432K, 100% used [0x000000076ab00000,0x0000000777880000,0x0000000777880000)
  from space 20992K, 99% used [0x0000000779880000,0x000000077acfe960,0x000000077ad00000)
  to   space 25088K, 0% used [0x0000000777c00000,0x0000000777c00000,0x0000000779480000)
 ParOldGen       total 185856K, used 28279K [0x00000006c0000000, 0x00000006cb580000, 0x000000076ab00000)
  object space 185856K, 15% used [0x00000006c0000000,0x00000006c1b9dc60,0x00000006cb580000)
 Metaspace       used 36967K, capacity 37404K, committed 37760K, reserved 1083392K
  class space    used 4523K, capacity 4625K, committed 4736K, reserved 1048576K
Event: 4.216 GC heap after
Heap after GC invocations=11 (full 2):
 PSYoungGen      total 239104K, used 19321K [0x000000076ab00000, 0x000000077ec00000, 0x00000007c0000000)
  eden space 214016K, 0% used [0x000000076ab00000,0x000000076ab00000,0x0000000777c00000)
  from space 25088K, 77% used [0x0000000777c00000,0x0000000778ede618,0x0000000779480000)
  to   space 26624K, 0% used [0x000000077d200000,0x000000077d200000,0x000000077ec00000)
 ParOldGen       total 185856K, used 28287K [0x00000006c0000000, 0x00000006cb580000, 0x000000076ab00000)
  object space 185856K, 15% used [0x00000006c0000000,0x00000006c1b9fc60,0x00000006cb580000)
 Metaspace       used 36967K, capacity 37404K, committed 37760K, reserved 1083392K
  class space    used 4523K, capacity 4625K, committed 4736K, reserved 1048576K
}

